<?xml version="1.0" encoding="UTF-8"?>
<!-- Generated by org.testng.reporters.JUnitXMLReporter -->
<testsuite ignored="5" hostname="SUDHEER" failures="0" tests="1" name="Default test" time="21.533" errors="0" timestamp="2024-06-06T15:54:20 IST">
  <testcase classname="DELETE.ID_10" name="post" time="21.353"/>
  <testcase classname="DELETE.ID_10" name="Del" time="0.0">
    <ignored/>
  </testcase> <!-- Del -->
  <testcase classname="DELETE.ID_10" name="put" time="0.0">
    <ignored/>
  </testcase> <!-- put -->
  <testcase classname="DELETE.ID_10" name="Del1" time="0.0">
    <ignored/>
  </testcase> <!-- Del1 -->
  <testcase classname="DELETE.ID_10" name="get" time="0.0">
    <ignored/>
  </testcase> <!-- get -->
  <testcase classname="DELETE.ID_10" name="get1" time="0.0">
    <ignored/>
  </testcase> <!-- get1 -->
</testsuite> <!-- Default test -->
