<?xml version="1.0" encoding="UTF-8"?>
<testng-results ignored="0" total="1" passed="1" failed="0" skipped="0">
  <reporter-output>
  </reporter-output>
  <suite started-at="2024-06-06T15:53:59 IST" name="Default suite" finished-at="2024-06-06T15:54:20 IST" duration-ms="21533">
    <groups>
    </groups>
    <test started-at="2024-06-06T15:53:59 IST" name="Default test" finished-at="2024-06-06T15:54:20 IST" duration-ms="21533">
      <class name="DELETE.ID_10">
        <test-method signature="post()[pri:4, instance:DELETE.ID_10@5d534f5d]" started-at="2024-06-06T15:53:59 IST" name="post" finished-at="2024-06-06T15:54:20 IST" duration-ms="21353" status="PASS">
          <reporter-output>
          </reporter-output>
        </test-method> <!-- post -->
      </class> <!-- DELETE.ID_10 -->
    </test> <!-- Default test -->
  </suite> <!-- Default suite -->
</testng-results>
