<?xml version="1.0" encoding="UTF-8"?>
<!-- Generated by org.testng.reporters.JUnitXMLReporter -->
<testsuite ignored="0" hostname="SUDHEER" failures="0" tests="3" name="Default test" time="99.481" errors="0" timestamp="2024-04-15T07:58:00 IST">
  <testcase classname="Testcases.ShopTest" name="SigninTest" time="60.619"/>
  <testcase classname="Testcases.ShopTest" name="LoginTest" time="8.889"/>
  <testcase classname="Testcases.ShopTest" name="AddMyAdd" time="21.944"/>
</testsuite> <!-- Default test -->
